Analysis & Synthesis report for traf_light
Sun Jul 30 21:30:54 2023
Quartus Prime Version 20.1.1 Build 720 11/11/2020 SJ Lite Edition


---------------------
; Table of Contents ;
---------------------
  1. Legal Notice
  2. Analysis & Synthesis Summary
  3. Analysis & Synthesis Settings
  4. Parallel Compilation
  5. Analysis & Synthesis Source Files Read
  6. Analysis & Synthesis Resource Usage Summary
  7. Analysis & Synthesis Resource Utilization by Entity
  8. State Machine - |traf_light|present_state
  9. Registers Removed During Synthesis
 10. General Register Statistics
 11. Multiplexer Restructuring Statistics (Restructuring Performed)
 12. Parameter Settings for User Entity Instance: Top-level Entity: |traf_light
 13. Port Connectivity Checks: "encoder_4_2:West_encoder"
 14. Port Connectivity Checks: "encoder_4_2:South_encoder"
 15. Port Connectivity Checks: "encoder_4_2:East_encoder"
 16. Port Connectivity Checks: "encoder_4_2:north_encoder"
 17. Port Connectivity Checks: "one_sec_clk:sec_clk_1|mod_5_counter:divideby5_1|tff_1:u12"
 18. Port Connectivity Checks: "one_sec_clk:sec_clk_1|mod_10_counter:dividerby10_1|tff_1:tff1"
 19. Analysis & Synthesis Messages



----------------
; Legal Notice ;
----------------
Copyright (C) 2020  Intel Corporation. All rights reserved.
Your use of Intel Corporation's design tools, logic functions 
and other software and tools, and any partner logic 
functions, and any output files from any of the foregoing 
(including device programming or simulation files), and any 
associated documentation or information are expressly subject 
to the terms and conditions of the Intel Program License 
Subscription Agreement, the Intel Quartus Prime License Agreement,
the Intel FPGA IP License Agreement, or other applicable license
agreement, including, without limitation, that your use is for
the sole purpose of programming logic devices manufactured by
Intel and sold by Intel or its authorized distributors.  Please
refer to the applicable agreement for further details, at
https://fpgasoftware.intel.com/eula.



+---------------------------------------------------------------------------+
; Analysis & Synthesis Summary                                              ;
+-----------------------------+---------------------------------------------+
; Analysis & Synthesis Status ; Successful - Sun Jul 30 21:30:54 2023       ;
; Quartus Prime Version       ; 20.1.1 Build 720 11/11/2020 SJ Lite Edition ;
; Revision Name               ; traf_light                                  ;
; Top-level Entity Name       ; traf_light                                  ;
; Family                      ; MAX V                                       ;
; Total logic elements        ; 76                                          ;
; Total pins                  ; 10                                          ;
; Total virtual pins          ; 0                                           ;
; UFM blocks                  ; 0 / 1 ( 0 % )                               ;
+-----------------------------+---------------------------------------------+


+------------------------------------------------------------------------------------------------------------+
; Analysis & Synthesis Settings                                                                              ;
+------------------------------------------------------------------+--------------------+--------------------+
; Option                                                           ; Setting            ; Default Value      ;
+------------------------------------------------------------------+--------------------+--------------------+
; Device                                                           ; 5M1270ZT144C5      ;                    ;
; Top-level entity name                                            ; traf_light         ; traf_light         ;
; Family name                                                      ; MAX V              ; Cyclone V          ;
; Use smart compilation                                            ; Off                ; Off                ;
; Enable parallel Assembler and Timing Analyzer during compilation ; On                 ; On                 ;
; Enable compact report table                                      ; Off                ; Off                ;
; Restructure Multiplexers                                         ; Auto               ; Auto               ;
; Create Debugging Nodes for IP Cores                              ; Off                ; Off                ;
; Preserve fewer node names                                        ; On                 ; On                 ;
; Intel FPGA IP Evaluation Mode                                    ; Enable             ; Enable             ;
; Verilog Version                                                  ; Verilog_2001       ; Verilog_2001       ;
; VHDL Version                                                     ; VHDL_1993          ; VHDL_1993          ;
; State Machine Processing                                         ; Auto               ; Auto               ;
; Safe State Machine                                               ; Off                ; Off                ;
; Extract Verilog State Machines                                   ; On                 ; On                 ;
; Extract VHDL State Machines                                      ; On                 ; On                 ;
; Ignore Verilog initial constructs                                ; Off                ; Off                ;
; Iteration limit for constant Verilog loops                       ; 5000               ; 5000               ;
; Iteration limit for non-constant Verilog loops                   ; 250                ; 250                ;
; Add Pass-Through Logic to Inferred RAMs                          ; On                 ; On                 ;
; Infer RAMs from Raw Logic                                        ; On                 ; On                 ;
; Parallel Synthesis                                               ; On                 ; On                 ;
; NOT Gate Push-Back                                               ; On                 ; On                 ;
; Power-Up Don't Care                                              ; On                 ; On                 ;
; Remove Redundant Logic Cells                                     ; Off                ; Off                ;
; Remove Duplicate Registers                                       ; On                 ; On                 ;
; Ignore CARRY Buffers                                             ; Off                ; Off                ;
; Ignore CASCADE Buffers                                           ; Off                ; Off                ;
; Ignore GLOBAL Buffers                                            ; Off                ; Off                ;
; Ignore ROW GLOBAL Buffers                                        ; Off                ; Off                ;
; Ignore LCELL Buffers                                             ; Off                ; Off                ;
; Ignore SOFT Buffers                                              ; On                 ; On                 ;
; Limit AHDL Integers to 32 Bits                                   ; Off                ; Off                ;
; Optimization Technique                                           ; Balanced           ; Balanced           ;
; Carry Chain Length                                               ; 70                 ; 70                 ;
; Auto Carry Chains                                                ; On                 ; On                 ;
; Auto Open-Drain Pins                                             ; On                 ; On                 ;
; Perform WYSIWYG Primitive Resynthesis                            ; Off                ; Off                ;
; Auto Shift Register Replacement                                  ; Auto               ; Auto               ;
; Allow Shift Register Merging across Hierarchies                  ; Auto               ; Auto               ;
; Auto Clock Enable Replacement                                    ; On                 ; On                 ;
; Allow Synchronous Control Signals                                ; On                 ; On                 ;
; Force Use of Synchronous Clear Signals                           ; Off                ; Off                ;
; Auto Resource Sharing                                            ; Off                ; Off                ;
; Use LogicLock Constraints during Resource Balancing              ; On                 ; On                 ;
; Ignore translate_off and synthesis_off directives                ; Off                ; Off                ;
; Report Parameter Settings                                        ; On                 ; On                 ;
; Report Source Assignments                                        ; On                 ; On                 ;
; Report Connectivity Checks                                       ; On                 ; On                 ;
; Ignore Maximum Fan-Out Assignments                               ; Off                ; Off                ;
; Synchronization Register Chain Length                            ; 2                  ; 2                  ;
; Power Optimization During Synthesis                              ; Normal compilation ; Normal compilation ;
; HDL message level                                                ; Level2             ; Level2             ;
; Suppress Register Optimization Related Messages                  ; Off                ; Off                ;
; Number of Removed Registers Reported in Synthesis Report         ; 5000               ; 5000               ;
; Number of Swept Nodes Reported in Synthesis Report               ; 5000               ; 5000               ;
; Number of Inverted Registers Reported in Synthesis Report        ; 100                ; 100                ;
; Clock MUX Protection                                             ; On                 ; On                 ;
; Block Design Naming                                              ; Auto               ; Auto               ;
; Synthesis Effort                                                 ; Auto               ; Auto               ;
; Shift Register Replacement - Allow Asynchronous Clear Signal     ; On                 ; On                 ;
; Analysis & Synthesis Message Level                               ; Medium             ; Medium             ;
; Disable Register Merging Across Hierarchies                      ; Auto               ; Auto               ;
+------------------------------------------------------------------+--------------------+--------------------+


+------------------------------------------+
; Parallel Compilation                     ;
+----------------------------+-------------+
; Processors                 ; Number      ;
+----------------------------+-------------+
; Number detected on machine ; 16          ;
; Maximum allowed            ; 16          ;
;                            ;             ;
; Average used               ; 1.00        ;
; Maximum used               ; 1           ;
;                            ;             ;
; Usage by Processor         ; % Time Used ;
;     Processor 1            ; 100.0%      ;
+----------------------------+-------------+


+--------------------------------------------------------------------------------------------------------------------------------------------------------------------+
; Analysis & Synthesis Source Files Read                                                                                                                             ;
+----------------------------------+-----------------+------------------------+----------------------------------------------------------------------------+---------+
; File Name with User-Entered Path ; Used in Netlist ; File Type              ; File Name with Absolute Path                                               ; Library ;
+----------------------------------+-----------------+------------------------+----------------------------------------------------------------------------+---------+
; tff_1.v                          ; yes             ; User Verilog HDL File  ; C:/digital_design_course_iit_bombay/verilog/Traffic_light/tff_1.v          ;         ;
; one_sec_clk.v                    ; yes             ; User Verilog HDL File  ; C:/digital_design_course_iit_bombay/verilog/Traffic_light/one_sec_clk.v    ;         ;
; mod_10_counter.v                 ; yes             ; User Verilog HDL File  ; C:/digital_design_course_iit_bombay/verilog/Traffic_light/mod_10_counter.v ;         ;
; mod_5_counter.v                  ; yes             ; User Verilog HDL File  ; C:/digital_design_course_iit_bombay/verilog/Traffic_light/mod_5_counter.v  ;         ;
; traf_light.v                     ; yes             ; User Verilog HDL File  ; C:/digital_design_course_iit_bombay/verilog/Traffic_light/traf_light.v     ;         ;
; encoder_4_2.v                    ; yes             ; User Verilog HDL File  ; C:/digital_design_course_iit_bombay/verilog/Traffic_light/encoder_4_2.v    ;         ;
+----------------------------------+-----------------+------------------------+----------------------------------------------------------------------------+---------+


+-----------------------------------------------------+
; Analysis & Synthesis Resource Usage Summary         ;
+---------------------------------------------+-------+
; Resource                                    ; Usage ;
+---------------------------------------------+-------+
; Total logic elements                        ; 76    ;
;     -- Combinational with no register       ; 26    ;
;     -- Register only                        ; 14    ;
;     -- Combinational with a register        ; 36    ;
;                                             ;       ;
; Logic element usage by number of LUT inputs ;       ;
;     -- 4 input functions                    ; 9     ;
;     -- 3 input functions                    ; 25    ;
;     -- 2 input functions                    ; 18    ;
;     -- 1 input functions                    ; 10    ;
;     -- 0 input functions                    ; 0     ;
;                                             ;       ;
; Logic elements by mode                      ;       ;
;     -- normal mode                          ; 76    ;
;     -- arithmetic mode                      ; 0     ;
;     -- qfbk mode                            ; 0     ;
;     -- register cascade mode                ; 0     ;
;     -- synchronous clear/load mode          ; 0     ;
;     -- asynchronous clear/load mode         ; 50    ;
;                                             ;       ;
; Total registers                             ; 50    ;
; I/O pins                                    ; 10    ;
; Maximum fan-out node                        ; reset ;
; Maximum fan-out                             ; 27    ;
; Total fan-out                               ; 287   ;
; Average fan-out                             ; 3.34  ;
+---------------------------------------------+-------+


+---------------------------------------------------------------------------------------------------------------------------------------------------------------------------------------------------------------------------------------------------------------------------------------------------------------------------+
; Analysis & Synthesis Resource Utilization by Entity                                                                                                                                                                                                                                                                       ;
+------------------------------------------------+-------------+--------------+------------+------+--------------+--------------+-------------------+------------------+-----------------+------------+-------------------------------------------------------------------------------------+----------------+--------------+
; Compilation Hierarchy Node                     ; Logic Cells ; LC Registers ; UFM Blocks ; Pins ; Virtual Pins ; LUT-Only LCs ; Register-Only LCs ; LUT/Register LCs ; Carry Chain LCs ; Packed LCs ; Full Hierarchy Name                                                                 ; Entity Name    ; Library Name ;
+------------------------------------------------+-------------+--------------+------------+------+--------------+--------------+-------------------+------------------+-----------------+------------+-------------------------------------------------------------------------------------+----------------+--------------+
; |traf_light                                    ; 76 (13)     ; 50           ; 0          ; 10   ; 0            ; 26 (2)       ; 14 (6)            ; 36 (5)           ; 0 (0)           ; 0 (0)      ; |traf_light                                                                         ; traf_light     ; work         ;
;    |encoder_4_2:East_encoder|                  ; 2 (2)       ; 0            ; 0          ; 0    ; 0            ; 2 (2)        ; 0 (0)             ; 0 (0)            ; 0 (0)           ; 0 (0)      ; |traf_light|encoder_4_2:East_encoder                                                ; encoder_4_2    ; work         ;
;    |encoder_4_2:South_encoder|                 ; 2 (2)       ; 0            ; 0          ; 0    ; 0            ; 2 (2)        ; 0 (0)             ; 0 (0)            ; 0 (0)           ; 0 (0)      ; |traf_light|encoder_4_2:South_encoder                                               ; encoder_4_2    ; work         ;
;    |encoder_4_2:West_encoder|                  ; 2 (2)       ; 0            ; 0          ; 0    ; 0            ; 2 (2)        ; 0 (0)             ; 0 (0)            ; 0 (0)           ; 0 (0)      ; |traf_light|encoder_4_2:West_encoder                                                ; encoder_4_2    ; work         ;
;    |encoder_4_2:north_encoder|                 ; 2 (2)       ; 0            ; 0          ; 0    ; 0            ; 2 (2)        ; 0 (0)             ; 0 (0)            ; 0 (0)           ; 0 (0)      ; |traf_light|encoder_4_2:north_encoder                                               ; encoder_4_2    ; work         ;
;    |one_sec_clk:sec_clk_1|                     ; 55 (0)      ; 39           ; 0          ; 0    ; 0            ; 16 (0)       ; 8 (0)             ; 31 (0)           ; 0 (0)           ; 0 (0)      ; |traf_light|one_sec_clk:sec_clk_1                                                   ; one_sec_clk    ; work         ;
;       |mod_10_counter:dividerby10_1|           ; 7 (3)       ; 5            ; 0          ; 0    ; 0            ; 2 (2)        ; 1 (1)             ; 4 (0)            ; 0 (0)           ; 0 (0)      ; |traf_light|one_sec_clk:sec_clk_1|mod_10_counter:dividerby10_1                      ; mod_10_counter ; work         ;
;          |tff_1:tff1|                          ; 1 (1)       ; 1            ; 0          ; 0    ; 0            ; 0 (0)        ; 0 (0)             ; 1 (1)            ; 0 (0)           ; 0 (0)      ; |traf_light|one_sec_clk:sec_clk_1|mod_10_counter:dividerby10_1|tff_1:tff1           ; tff_1          ; work         ;
;          |tff_1:tff2|                          ; 1 (1)       ; 1            ; 0          ; 0    ; 0            ; 0 (0)        ; 0 (0)             ; 1 (1)            ; 0 (0)           ; 0 (0)      ; |traf_light|one_sec_clk:sec_clk_1|mod_10_counter:dividerby10_1|tff_1:tff2           ; tff_1          ; work         ;
;          |tff_1:tff3|                          ; 1 (1)       ; 1            ; 0          ; 0    ; 0            ; 0 (0)        ; 0 (0)             ; 1 (1)            ; 0 (0)           ; 0 (0)      ; |traf_light|one_sec_clk:sec_clk_1|mod_10_counter:dividerby10_1|tff_1:tff3           ; tff_1          ; work         ;
;          |tff_1:tff4|                          ; 1 (1)       ; 1            ; 0          ; 0    ; 0            ; 0 (0)        ; 0 (0)             ; 1 (1)            ; 0 (0)           ; 0 (0)      ; |traf_light|one_sec_clk:sec_clk_1|mod_10_counter:dividerby10_1|tff_1:tff4           ; tff_1          ; work         ;
;       |mod_10_counter:loop_1[1].dividerby10_1| ; 7 (3)       ; 5            ; 0          ; 0    ; 0            ; 2 (2)        ; 1 (1)             ; 4 (0)            ; 0 (0)           ; 0 (0)      ; |traf_light|one_sec_clk:sec_clk_1|mod_10_counter:loop_1[1].dividerby10_1            ; mod_10_counter ; work         ;
;          |tff_1:tff1|                          ; 1 (1)       ; 1            ; 0          ; 0    ; 0            ; 0 (0)        ; 0 (0)             ; 1 (1)            ; 0 (0)           ; 0 (0)      ; |traf_light|one_sec_clk:sec_clk_1|mod_10_counter:loop_1[1].dividerby10_1|tff_1:tff1 ; tff_1          ; work         ;
;          |tff_1:tff2|                          ; 1 (1)       ; 1            ; 0          ; 0    ; 0            ; 0 (0)        ; 0 (0)             ; 1 (1)            ; 0 (0)           ; 0 (0)      ; |traf_light|one_sec_clk:sec_clk_1|mod_10_counter:loop_1[1].dividerby10_1|tff_1:tff2 ; tff_1          ; work         ;
;          |tff_1:tff3|                          ; 1 (1)       ; 1            ; 0          ; 0    ; 0            ; 0 (0)        ; 0 (0)             ; 1 (1)            ; 0 (0)           ; 0 (0)      ; |traf_light|one_sec_clk:sec_clk_1|mod_10_counter:loop_1[1].dividerby10_1|tff_1:tff3 ; tff_1          ; work         ;
;          |tff_1:tff4|                          ; 1 (1)       ; 1            ; 0          ; 0    ; 0            ; 0 (0)        ; 0 (0)             ; 1 (1)            ; 0 (0)           ; 0 (0)      ; |traf_light|one_sec_clk:sec_clk_1|mod_10_counter:loop_1[1].dividerby10_1|tff_1:tff4 ; tff_1          ; work         ;
;       |mod_10_counter:loop_1[2].dividerby10_1| ; 7 (3)       ; 5            ; 0          ; 0    ; 0            ; 2 (2)        ; 1 (1)             ; 4 (0)            ; 0 (0)           ; 0 (0)      ; |traf_light|one_sec_clk:sec_clk_1|mod_10_counter:loop_1[2].dividerby10_1            ; mod_10_counter ; work         ;
;          |tff_1:tff1|                          ; 1 (1)       ; 1            ; 0          ; 0    ; 0            ; 0 (0)        ; 0 (0)             ; 1 (1)            ; 0 (0)           ; 0 (0)      ; |traf_light|one_sec_clk:sec_clk_1|mod_10_counter:loop_1[2].dividerby10_1|tff_1:tff1 ; tff_1          ; work         ;
;          |tff_1:tff2|                          ; 1 (1)       ; 1            ; 0          ; 0    ; 0            ; 0 (0)        ; 0 (0)             ; 1 (1)            ; 0 (0)           ; 0 (0)      ; |traf_light|one_sec_clk:sec_clk_1|mod_10_counter:loop_1[2].dividerby10_1|tff_1:tff2 ; tff_1          ; work         ;
;          |tff_1:tff3|                          ; 1 (1)       ; 1            ; 0          ; 0    ; 0            ; 0 (0)        ; 0 (0)             ; 1 (1)            ; 0 (0)           ; 0 (0)      ; |traf_light|one_sec_clk:sec_clk_1|mod_10_counter:loop_1[2].dividerby10_1|tff_1:tff3 ; tff_1          ; work         ;
;          |tff_1:tff4|                          ; 1 (1)       ; 1            ; 0          ; 0    ; 0            ; 0 (0)        ; 0 (0)             ; 1 (1)            ; 0 (0)           ; 0 (0)      ; |traf_light|one_sec_clk:sec_clk_1|mod_10_counter:loop_1[2].dividerby10_1|tff_1:tff4 ; tff_1          ; work         ;
;       |mod_10_counter:loop_1[3].dividerby10_1| ; 7 (3)       ; 5            ; 0          ; 0    ; 0            ; 2 (2)        ; 1 (1)             ; 4 (0)            ; 0 (0)           ; 0 (0)      ; |traf_light|one_sec_clk:sec_clk_1|mod_10_counter:loop_1[3].dividerby10_1            ; mod_10_counter ; work         ;
;          |tff_1:tff1|                          ; 1 (1)       ; 1            ; 0          ; 0    ; 0            ; 0 (0)        ; 0 (0)             ; 1 (1)            ; 0 (0)           ; 0 (0)      ; |traf_light|one_sec_clk:sec_clk_1|mod_10_counter:loop_1[3].dividerby10_1|tff_1:tff1 ; tff_1          ; work         ;
;          |tff_1:tff2|                          ; 1 (1)       ; 1            ; 0          ; 0    ; 0            ; 0 (0)        ; 0 (0)             ; 1 (1)            ; 0 (0)           ; 0 (0)      ; |traf_light|one_sec_clk:sec_clk_1|mod_10_counter:loop_1[3].dividerby10_1|tff_1:tff2 ; tff_1          ; work         ;
;          |tff_1:tff3|                          ; 1 (1)       ; 1            ; 0          ; 0    ; 0            ; 0 (0)        ; 0 (0)             ; 1 (1)            ; 0 (0)           ; 0 (0)      ; |traf_light|one_sec_clk:sec_clk_1|mod_10_counter:loop_1[3].dividerby10_1|tff_1:tff3 ; tff_1          ; work         ;
;          |tff_1:tff4|                          ; 1 (1)       ; 1            ; 0          ; 0    ; 0            ; 0 (0)        ; 0 (0)             ; 1 (1)            ; 0 (0)           ; 0 (0)      ; |traf_light|one_sec_clk:sec_clk_1|mod_10_counter:loop_1[3].dividerby10_1|tff_1:tff4 ; tff_1          ; work         ;
;       |mod_10_counter:loop_1[4].dividerby10_1| ; 7 (3)       ; 5            ; 0          ; 0    ; 0            ; 2 (2)        ; 1 (1)             ; 4 (0)            ; 0 (0)           ; 0 (0)      ; |traf_light|one_sec_clk:sec_clk_1|mod_10_counter:loop_1[4].dividerby10_1            ; mod_10_counter ; work         ;
;          |tff_1:tff1|                          ; 1 (1)       ; 1            ; 0          ; 0    ; 0            ; 0 (0)        ; 0 (0)             ; 1 (1)            ; 0 (0)           ; 0 (0)      ; |traf_light|one_sec_clk:sec_clk_1|mod_10_counter:loop_1[4].dividerby10_1|tff_1:tff1 ; tff_1          ; work         ;
;          |tff_1:tff2|                          ; 1 (1)       ; 1            ; 0          ; 0    ; 0            ; 0 (0)        ; 0 (0)             ; 1 (1)            ; 0 (0)           ; 0 (0)      ; |traf_light|one_sec_clk:sec_clk_1|mod_10_counter:loop_1[4].dividerby10_1|tff_1:tff2 ; tff_1          ; work         ;
;          |tff_1:tff3|                          ; 1 (1)       ; 1            ; 0          ; 0    ; 0            ; 0 (0)        ; 0 (0)             ; 1 (1)            ; 0 (0)           ; 0 (0)      ; |traf_light|one_sec_clk:sec_clk_1|mod_10_counter:loop_1[4].dividerby10_1|tff_1:tff3 ; tff_1          ; work         ;
;          |tff_1:tff4|                          ; 1 (1)       ; 1            ; 0          ; 0    ; 0            ; 0 (0)        ; 0 (0)             ; 1 (1)            ; 0 (0)           ; 0 (0)      ; |traf_light|one_sec_clk:sec_clk_1|mod_10_counter:loop_1[4].dividerby10_1|tff_1:tff4 ; tff_1          ; work         ;
;       |mod_10_counter:loop_1[5].dividerby10_1| ; 7 (3)       ; 5            ; 0          ; 0    ; 0            ; 2 (2)        ; 1 (1)             ; 4 (0)            ; 0 (0)           ; 0 (0)      ; |traf_light|one_sec_clk:sec_clk_1|mod_10_counter:loop_1[5].dividerby10_1            ; mod_10_counter ; work         ;
;          |tff_1:tff1|                          ; 1 (1)       ; 1            ; 0          ; 0    ; 0            ; 0 (0)        ; 0 (0)             ; 1 (1)            ; 0 (0)           ; 0 (0)      ; |traf_light|one_sec_clk:sec_clk_1|mod_10_counter:loop_1[5].dividerby10_1|tff_1:tff1 ; tff_1          ; work         ;
;          |tff_1:tff2|                          ; 1 (1)       ; 1            ; 0          ; 0    ; 0            ; 0 (0)        ; 0 (0)             ; 1 (1)            ; 0 (0)           ; 0 (0)      ; |traf_light|one_sec_clk:sec_clk_1|mod_10_counter:loop_1[5].dividerby10_1|tff_1:tff2 ; tff_1          ; work         ;
;          |tff_1:tff3|                          ; 1 (1)       ; 1            ; 0          ; 0    ; 0            ; 0 (0)        ; 0 (0)             ; 1 (1)            ; 0 (0)           ; 0 (0)      ; |traf_light|one_sec_clk:sec_clk_1|mod_10_counter:loop_1[5].dividerby10_1|tff_1:tff3 ; tff_1          ; work         ;
;          |tff_1:tff4|                          ; 1 (1)       ; 1            ; 0          ; 0    ; 0            ; 0 (0)        ; 0 (0)             ; 1 (1)            ; 0 (0)           ; 0 (0)      ; |traf_light|one_sec_clk:sec_clk_1|mod_10_counter:loop_1[5].dividerby10_1|tff_1:tff4 ; tff_1          ; work         ;
;       |mod_10_counter:loop_1[6].dividerby10_1| ; 7 (3)       ; 5            ; 0          ; 0    ; 0            ; 2 (2)        ; 1 (1)             ; 4 (0)            ; 0 (0)           ; 0 (0)      ; |traf_light|one_sec_clk:sec_clk_1|mod_10_counter:loop_1[6].dividerby10_1            ; mod_10_counter ; work         ;
;          |tff_1:tff1|                          ; 1 (1)       ; 1            ; 0          ; 0    ; 0            ; 0 (0)        ; 0 (0)             ; 1 (1)            ; 0 (0)           ; 0 (0)      ; |traf_light|one_sec_clk:sec_clk_1|mod_10_counter:loop_1[6].dividerby10_1|tff_1:tff1 ; tff_1          ; work         ;
;          |tff_1:tff2|                          ; 1 (1)       ; 1            ; 0          ; 0    ; 0            ; 0 (0)        ; 0 (0)             ; 1 (1)            ; 0 (0)           ; 0 (0)      ; |traf_light|one_sec_clk:sec_clk_1|mod_10_counter:loop_1[6].dividerby10_1|tff_1:tff2 ; tff_1          ; work         ;
;          |tff_1:tff3|                          ; 1 (1)       ; 1            ; 0          ; 0    ; 0            ; 0 (0)        ; 0 (0)             ; 1 (1)            ; 0 (0)           ; 0 (0)      ; |traf_light|one_sec_clk:sec_clk_1|mod_10_counter:loop_1[6].dividerby10_1|tff_1:tff3 ; tff_1          ; work         ;
;          |tff_1:tff4|                          ; 1 (1)       ; 1            ; 0          ; 0    ; 0            ; 0 (0)        ; 0 (0)             ; 1 (1)            ; 0 (0)           ; 0 (0)      ; |traf_light|one_sec_clk:sec_clk_1|mod_10_counter:loop_1[6].dividerby10_1|tff_1:tff4 ; tff_1          ; work         ;
;       |mod_5_counter:divideby5_1|              ; 6 (3)       ; 4            ; 0          ; 0    ; 0            ; 2 (2)        ; 1 (1)             ; 3 (0)            ; 0 (0)           ; 0 (0)      ; |traf_light|one_sec_clk:sec_clk_1|mod_5_counter:divideby5_1                         ; mod_5_counter  ; work         ;
;          |tff_1:tff22|                         ; 1 (1)       ; 1            ; 0          ; 0    ; 0            ; 0 (0)        ; 0 (0)             ; 1 (1)            ; 0 (0)           ; 0 (0)      ; |traf_light|one_sec_clk:sec_clk_1|mod_5_counter:divideby5_1|tff_1:tff22             ; tff_1          ; work         ;
;          |tff_1:tff32|                         ; 1 (1)       ; 1            ; 0          ; 0    ; 0            ; 0 (0)        ; 0 (0)             ; 1 (1)            ; 0 (0)           ; 0 (0)      ; |traf_light|one_sec_clk:sec_clk_1|mod_5_counter:divideby5_1|tff_1:tff32             ; tff_1          ; work         ;
;          |tff_1:u12|                           ; 1 (1)       ; 1            ; 0          ; 0    ; 0            ; 0 (0)        ; 0 (0)             ; 1 (1)            ; 0 (0)           ; 0 (0)      ; |traf_light|one_sec_clk:sec_clk_1|mod_5_counter:divideby5_1|tff_1:u12               ; tff_1          ; work         ;
+------------------------------------------------+-------------+--------------+------------+------+--------------+--------------+-------------------+------------------+-----------------+------------+-------------------------------------------------------------------------------------+----------------+--------------+
Note: For table entries with two numbers listed, the numbers in parentheses indicate the number of resources of the given type used by the specific entity alone. The numbers listed outside of parentheses indicate the total resources of the given type used by the specific entity and all of its sub-entities in the hierarchy.


Encoding Type:  One-Hot
+-----------------------------------------------------------------------------------------------------------------------------------------------------------------------------------------------------------------------------------------------------+
; State Machine - |traf_light|present_state                                                                                                                                                                                                           ;
+---------------------------+--------------------------+--------------------------+--------------------------+---------------------------+--------------------------+--------------------------+--------------------------+---------------------------+
; Name                      ; present_state.W_N_yellow ; present_state.West_green ; present_state.S_W_yellow ; present_state.South_green ; present_state.E_S_yellow ; present_state.East_green ; present_state.N_E_yellow ; present_state.North_green ;
+---------------------------+--------------------------+--------------------------+--------------------------+---------------------------+--------------------------+--------------------------+--------------------------+---------------------------+
; present_state.North_green ; 0                        ; 0                        ; 0                        ; 0                         ; 0                        ; 0                        ; 0                        ; 0                         ;
; present_state.N_E_yellow  ; 0                        ; 0                        ; 0                        ; 0                         ; 0                        ; 0                        ; 1                        ; 1                         ;
; present_state.East_green  ; 0                        ; 0                        ; 0                        ; 0                         ; 0                        ; 1                        ; 0                        ; 1                         ;
; present_state.E_S_yellow  ; 0                        ; 0                        ; 0                        ; 0                         ; 1                        ; 0                        ; 0                        ; 1                         ;
; present_state.South_green ; 0                        ; 0                        ; 0                        ; 1                         ; 0                        ; 0                        ; 0                        ; 1                         ;
; present_state.S_W_yellow  ; 0                        ; 0                        ; 1                        ; 0                         ; 0                        ; 0                        ; 0                        ; 1                         ;
; present_state.West_green  ; 0                        ; 1                        ; 0                        ; 0                         ; 0                        ; 0                        ; 0                        ; 1                         ;
; present_state.W_N_yellow  ; 1                        ; 0                        ; 0                        ; 0                         ; 0                        ; 0                        ; 0                        ; 1                         ;
+---------------------------+--------------------------+--------------------------+--------------------------+---------------------------+--------------------------+--------------------------+--------------------------+---------------------------+


+--------------------------------------------------------------------------------+
; Registers Removed During Synthesis                                             ;
+---------------------------------------+----------------------------------------+
; Register name                         ; Reason for Removal                     ;
+---------------------------------------+----------------------------------------+
; count[2]                              ; Stuck at GND due to stuck port data_in ;
; present_state~12                      ; Lost fanout                            ;
; present_state~13                      ; Lost fanout                            ;
; present_state~14                      ; Lost fanout                            ;
; Total Number of Removed Registers = 4 ;                                        ;
+---------------------------------------+----------------------------------------+


+------------------------------------------------------+
; General Register Statistics                          ;
+----------------------------------------------+-------+
; Statistic                                    ; Value ;
+----------------------------------------------+-------+
; Total registers                              ; 50    ;
; Number of registers using Synchronous Clear  ; 0     ;
; Number of registers using Synchronous Load   ; 0     ;
; Number of registers using Asynchronous Clear ; 50    ;
; Number of registers using Asynchronous Load  ; 0     ;
; Number of registers using Clock Enable       ; 8     ;
; Number of registers using Preset             ; 0     ;
+----------------------------------------------+-------+


+------------------------------------------------------------------------------------------------------------------------------------------+
; Multiplexer Restructuring Statistics (Restructuring Performed)                                                                           ;
+--------------------+-----------+---------------+----------------------+------------------------+------------+----------------------------+
; Multiplexer Inputs ; Bus Width ; Baseline Area ; Area if Restructured ; Saving if Restructured ; Registered ; Example Multiplexer Output ;
+--------------------+-----------+---------------+----------------------+------------------------+------------+----------------------------+
; 3:1                ; 3 bits    ; 6 LEs         ; 3 LEs                ; 3 LEs                  ; Yes        ; |traf_light|count[2]       ;
+--------------------+-----------+---------------+----------------------+------------------------+------------+----------------------------+


+----------------------------------------------------------------------------+
; Parameter Settings for User Entity Instance: Top-level Entity: |traf_light ;
+----------------+-------+---------------------------------------------------+
; Parameter Name ; Value ; Type                                              ;
+----------------+-------+---------------------------------------------------+
; North_green    ; 000   ; Unsigned Binary                                   ;
; N_E_yellow     ; 001   ; Unsigned Binary                                   ;
; East_green     ; 010   ; Unsigned Binary                                   ;
; E_S_yellow     ; 011   ; Unsigned Binary                                   ;
; South_green    ; 100   ; Unsigned Binary                                   ;
; S_W_yellow     ; 101   ; Unsigned Binary                                   ;
; West_green     ; 110   ; Unsigned Binary                                   ;
; W_N_yellow     ; 111   ; Unsigned Binary                                   ;
+----------------+-------+---------------------------------------------------+
Note: In order to hide this table in the UI and the text report file, please set the "Show Parameter Settings in Synthesis Report" option in "Analysis and Synthesis Settings -> More Settings" to "Off".


+------------------------------------------------------+
; Port Connectivity Checks: "encoder_4_2:West_encoder" ;
+------------+-------+----------+----------------------+
; Port       ; Type  ; Severity ; Details              ;
+------------+-------+----------+----------------------+
; data_in[0] ; Input ; Info     ; Stuck at GND         ;
+------------+-------+----------+----------------------+


+-------------------------------------------------------+
; Port Connectivity Checks: "encoder_4_2:South_encoder" ;
+------------+-------+----------+-----------------------+
; Port       ; Type  ; Severity ; Details               ;
+------------+-------+----------+-----------------------+
; data_in[0] ; Input ; Info     ; Stuck at GND          ;
+------------+-------+----------+-----------------------+


+------------------------------------------------------+
; Port Connectivity Checks: "encoder_4_2:East_encoder" ;
+------------+-------+----------+----------------------+
; Port       ; Type  ; Severity ; Details              ;
+------------+-------+----------+----------------------+
; data_in[0] ; Input ; Info     ; Stuck at GND         ;
+------------+-------+----------+----------------------+


+-------------------------------------------------------+
; Port Connectivity Checks: "encoder_4_2:north_encoder" ;
+------------+-------+----------+-----------------------+
; Port       ; Type  ; Severity ; Details               ;
+------------+-------+----------+-----------------------+
; data_in[0] ; Input ; Info     ; Stuck at GND          ;
+------------+-------+----------+-----------------------+


+---------------------------------------------------------------------------------------+
; Port Connectivity Checks: "one_sec_clk:sec_clk_1|mod_5_counter:divideby5_1|tff_1:u12" ;
+------+-------+----------+-------------------------------------------------------------+
; Port ; Type  ; Severity ; Details                                                     ;
+------+-------+----------+-------------------------------------------------------------+
; T    ; Input ; Info     ; Stuck at VCC                                                ;
+------+-------+----------+-------------------------------------------------------------+


+-------------------------------------------------------------------------------------------+
; Port Connectivity Checks: "one_sec_clk:sec_clk_1|mod_10_counter:dividerby10_1|tff_1:tff1" ;
+------+-------+----------+-----------------------------------------------------------------+
; Port ; Type  ; Severity ; Details                                                         ;
+------+-------+----------+-----------------------------------------------------------------+
; T    ; Input ; Info     ; Stuck at VCC                                                    ;
+------+-------+----------+-----------------------------------------------------------------+


+-------------------------------+
; Analysis & Synthesis Messages ;
+-------------------------------+
Info: *******************************************************************
Info: Running Quartus Prime Analysis & Synthesis
    Info: Version 20.1.1 Build 720 11/11/2020 SJ Lite Edition
    Info: Processing started: Sun Jul 30 21:30:48 2023
Info: Command: quartus_map --read_settings_files=on --write_settings_files=off traf_light -c traf_light
Warning (18236): Number of processors has not been specified which may cause overloading on shared machines.  Set the global assignment NUM_PARALLEL_PROCESSORS in your QSF to an appropriate value for best performance.
Info (20030): Parallel compilation is enabled and will use 16 of the 16 processors detected
Info (12021): Found 1 design units, including 1 entities, in source file tff_1.v
    Info (12023): Found entity 1: tff_1 File: C:/digital_design_course_iit_bombay/verilog/Traffic_light/tff_1.v Line: 1
Info (12021): Found 1 design units, including 1 entities, in source file one_sec_clk.v
    Info (12023): Found entity 1: one_sec_clk File: C:/digital_design_course_iit_bombay/verilog/Traffic_light/one_sec_clk.v Line: 3
Info (12021): Found 1 design units, including 1 entities, in source file mod_10_counter.v
    Info (12023): Found entity 1: mod_10_counter File: C:/digital_design_course_iit_bombay/verilog/Traffic_light/mod_10_counter.v Line: 4
Info (12021): Found 1 design units, including 1 entities, in source file mod_5_counter.v
    Info (12023): Found entity 1: mod_5_counter File: C:/digital_design_course_iit_bombay/verilog/Traffic_light/mod_5_counter.v Line: 5
Info (12021): Found 1 design units, including 1 entities, in source file traf_light.v
    Info (12023): Found entity 1: traf_light File: C:/digital_design_course_iit_bombay/verilog/Traffic_light/traf_light.v Line: 1
Info (12021): Found 1 design units, including 1 entities, in source file encoder_4_2.v
    Info (12023): Found entity 1: encoder_4_2 File: C:/digital_design_course_iit_bombay/verilog/Traffic_light/encoder_4_2.v Line: 1
Info (12021): Found 1 design units, including 1 entities, in source file testbench.v
    Info (12023): Found entity 1: testbench File: C:/digital_design_course_iit_bombay/verilog/Traffic_light/testbench.v Line: 2
Info (12127): Elaborating entity "traf_light" for the top level hierarchy
Info (12128): Elaborating entity "one_sec_clk" for hierarchy "one_sec_clk:sec_clk_1" File: C:/digital_design_course_iit_bombay/verilog/Traffic_light/traf_light.v Line: 27
Info (12128): Elaborating entity "mod_10_counter" for hierarchy "one_sec_clk:sec_clk_1|mod_10_counter:dividerby10_1" File: C:/digital_design_course_iit_bombay/verilog/Traffic_light/one_sec_clk.v Line: 7
Info (12128): Elaborating entity "tff_1" for hierarchy "one_sec_clk:sec_clk_1|mod_10_counter:dividerby10_1|tff_1:tff1" File: C:/digital_design_course_iit_bombay/verilog/Traffic_light/mod_10_counter.v Line: 13
Info (12128): Elaborating entity "mod_5_counter" for hierarchy "one_sec_clk:sec_clk_1|mod_5_counter:divideby5_1" File: C:/digital_design_course_iit_bombay/verilog/Traffic_light/one_sec_clk.v Line: 16
Info (12128): Elaborating entity "encoder_4_2" for hierarchy "encoder_4_2:north_encoder" File: C:/digital_design_course_iit_bombay/verilog/Traffic_light/traf_light.v Line: 128
Info (17049): 3 registers lost all their fanouts during netlist optimizations.
Info (21057): Implemented 86 device resources after synthesis - the final resource count might be different
    Info (21058): Implemented 2 input pins
    Info (21059): Implemented 8 output pins
    Info (21061): Implemented 76 logic cells
Info: Quartus Prime Analysis & Synthesis was successful. 0 errors, 1 warning
    Info: Peak virtual memory: 4702 megabytes
    Info: Processing ended: Sun Jul 30 21:30:54 2023
    Info: Elapsed time: 00:00:06
    Info: Total CPU time (on all processors): 00:00:08


